<?xml version="1.0" encoding="UTF-8"?>
<robot generator="Robot 6.1 (Python 3.11.4 on win32)" generated="20230810 14:04:56.584" rpa="false" schemaversion="4">
<suite id="s1" name="Demo1 Suite &amp; Demo1 Fb Suite &amp; Demo4 Valid Login Suite2">
<suite id="s1-s1" name="Demo1 Suite" source="C:\Mine\Company\Iverson Aug 2023\RobotProject\robot_suite\demo1_suite.robot">
<test id="s1-s1-t1" name="TC1" line="6">
<kw name="Log To Console" library="BuiltIn">
<arg>Balaji Dinakaran</arg>
<doc>Logs the given message to the console.</doc>
<status status="PASS" starttime="20230810 14:04:56.613" endtime="20230810 14:04:56.614"/>
</kw>
<tag>smoke</tag>
<status status="PASS" starttime="20230810 14:04:56.613" endtime="20230810 14:04:56.614"/>
</test>
<status status="PASS" starttime="20230810 14:04:56.609" endtime="20230810 14:04:56.615"/>
</suite>
<suite id="s1-s2" name="Demo1 Fb Suite" source="C:\Mine\Company\Iverson Aug 2023\RobotProject\selenium_suite\demo1_fb_suite.robot">
<test id="s1-s2-t1" name="TC1 Login" line="5">
<kw name="Open Browser" library="SeleniumLibrary">
<arg>url=https://www.facebook.com/</arg>
<arg>browser=chrome</arg>
<doc>Opens a new browser instance to the optional ``url``.</doc>
<msg timestamp="20230810 14:04:56.850" level="INFO">Opening browser 'chrome' to base url 'https://www.facebook.com/'.</msg>
<status status="PASS" starttime="20230810 14:04:56.849" endtime="20230810 14:05:00.783"/>
</kw>
<kw name="Maximize Browser Window" library="SeleniumLibrary">
<doc>Maximizes current browser window.</doc>
<status status="PASS" starttime="20230810 14:05:00.783" endtime="20230810 14:05:00.898"/>
</kw>
<kw name="Set Selenium Implicit Wait" library="SeleniumLibrary">
<arg>20s</arg>
<doc>Sets the implicit wait value used by Selenium.</doc>
<status status="PASS" starttime="20230810 14:05:00.899" endtime="20230810 14:05:00.900"/>
</kw>
<kw name="Input Text" library="SeleniumLibrary">
<arg>id=email</arg>
<arg>john12345@gmail.com</arg>
<doc>Types the given ``text`` into the text field identified by ``locator``.</doc>
<msg timestamp="20230810 14:05:00.901" level="INFO">Typing text 'john12345@gmail.com' into text field 'id=email'.</msg>
<status status="PASS" starttime="20230810 14:05:00.901" endtime="20230810 14:05:01.018"/>
</kw>
<kw name="Input Password" library="SeleniumLibrary">
<arg>id=pass</arg>
<arg>wleocme123</arg>
<doc>Types the given password into the text field identified by ``locator``.</doc>
<msg timestamp="20230810 14:05:01.019" level="INFO">Typing password into text field 'id=pass'.</msg>
<msg timestamp="20230810 14:05:01.065" level="INFO">Temporally setting log level to: NONE</msg>
<msg timestamp="20230810 14:05:01.134" level="INFO">Log level changed from NONE to INFO.</msg>
<status status="PASS" starttime="20230810 14:05:01.018" endtime="20230810 14:05:01.134"/>
</kw>
<kw name="Click Element" library="SeleniumLibrary">
<arg>name=login</arg>
<doc>Click the element identified by ``locator``.</doc>
<msg timestamp="20230810 14:05:01.135" level="INFO">Clicking element 'name=login'.</msg>
<status status="PASS" starttime="20230810 14:05:01.134" endtime="20230810 14:05:01.246"/>
</kw>
<tag>smoke</tag>
<status status="PASS" starttime="20230810 14:04:56.849" endtime="20230810 14:05:01.248"/>
</test>
<status status="PASS" starttime="20230810 14:04:56.616" endtime="20230810 14:05:01.250"/>
</suite>
<suite id="s1-s3" name="Demo4 Valid Login Suite2" source="C:\Mine\Company\Iverson Aug 2023\RobotProject\selenium_suite\demo4_valid_login_suite2.robot">
<test id="s1-s3-t1" name="TC1" line="12">
<kw name="Launch Browser And Navigate To Url" library="common_functionality" type="SETUP">
<kw name="Open Browser" library="SeleniumLibrary">
<arg>browser=${BROWSER_NAME}</arg>
<doc>Opens a new browser instance to the optional ``url``.</doc>
<msg timestamp="20230810 14:05:01.263" level="INFO">Opening browser 'chrome' to base url 'None'.</msg>
<status status="PASS" starttime="20230810 14:05:01.263" endtime="20230810 14:05:02.768"/>
</kw>
<kw name="Maximize Browser Window" library="SeleniumLibrary">
<doc>Maximizes current browser window.</doc>
<status status="PASS" starttime="20230810 14:05:02.768" endtime="20230810 14:05:02.879"/>
</kw>
<kw name="Set Selenium Implicit Wait" library="SeleniumLibrary">
<arg>20s</arg>
<doc>Sets the implicit wait value used by Selenium.</doc>
<status status="PASS" starttime="20230810 14:05:02.879" endtime="20230810 14:05:02.881"/>
</kw>
<kw name="Go To" library="SeleniumLibrary">
<arg>url=${URL}</arg>
<doc>Navigates the current browser window to the provided ``url``.</doc>
<msg timestamp="20230810 14:05:02.881" level="INFO">Opening url 'https://demo.openemr.io/b/openemr'</msg>
<status status="PASS" starttime="20230810 14:05:02.881" endtime="20230810 14:05:04.747"/>
</kw>
<status status="PASS" starttime="20230810 14:05:01.262" endtime="20230810 14:05:04.747"/>
</kw>
<kw name="Valid Login Template">
<arg>accountant</arg>
<arg>accountant</arg>
<arg>OpenEMR</arg>
<kw name="Input Text" library="SeleniumLibrary">
<arg>id=authUser</arg>
<arg>${username}</arg>
<doc>Types the given ``text`` into the text field identified by ``locator``.</doc>
<msg timestamp="20230810 14:05:04.750" level="INFO">Typing text 'accountant' into text field 'id=authUser'.</msg>
<msg timestamp="20230810 14:05:22.217" level="WARN">Keyword 'Capture Page Screenshot' could not be run on failure: Message: disconnected: not connected to DevTools
  (failed to check if window was closed: disconnected: not connected to DevTools)
  (Session info: chrome=115.0.5790.171)
Stacktrace:
Backtrace:
	GetHandleVerifier [0x00007FF6A9484A62+57106]
	(No symbol) [0x00007FF6A93FCF52]
	(No symbol) [0x00007FF6A92CE2CB]
	(No symbol) [0x00007FF6A92BB5D7]
	(No symbol) [0x00007FF6A92BB250]
	(No symbol) [0x00007FF6A92CF9A1]
	(No symbol) [0x00007FF6A933DC1F]
	(No symbol) [0x00007FF6A9326793]
	(No symbol) [0x00007FF6A92FCE81]
	(No symbol) [0x00007FF6A92FE064]
	GetHandleVerifier [0x00007FF6A9734222+2873042]
	GetHandleVerifier [0x00007FF6A9786590+3209792]
	GetHandleVerifier [0x00007FF6A977F3AF+3180639]
	GetHandleVerifier [0x00007FF6A9515F25+652245]
	(No symbol) [0x00007FF6A9408618]
	(No symbol) [0x00007FF6A94047C4]
	(No symbol) [0x00007FF6A94048BC]
	(No symbol) [0x00007FF6A93F4C33]
	BaseThreadInitThunk [0x00007FFF75B67614+20]
	RtlUserThreadStart [0x00007FFF76C026B1+33]
</msg>
<msg timestamp="20230810 14:05:22.220" level="FAIL">WebDriverException: Message: disconnected: unable to send message to renderer
  (failed to check if window was closed: disconnected: not connected to DevTools)
  (Session info: chrome=115.0.5790.171)
Stacktrace:
Backtrace:
	GetHandleVerifier [0x00007FF6A9484A62+57106]
	(No symbol) [0x00007FF6A93FCF52]
	(No symbol) [0x00007FF6A92CE2CB]
	(No symbol) [0x00007FF6A92BA5F4]
	(No symbol) [0x00007FF6A92BAEAE]
	(No symbol) [0x00007FF6A92D0967]
	(No symbol) [0x00007FF6A92D1198]
	(No symbol) [0x00007FF6A92D3C5F]
	(No symbol) [0x00007FF6A92D3D50]
	(No symbol) [0x00007FF6A93074E1]
	(No symbol) [0x00007FF6A930795C]
	(No symbol) [0x00007FF6A93404A7]
	(No symbol) [0x00007FF6A93269FF]
	(No symbol) [0x00007FF6A933E522]
	(No symbol) [0x00007FF6A9326793]
	(No symbol) [0x00007FF6A92FCE81]
	(No symbol) [0x00007FF6A92FE064]
	GetHandleVerifier [0x00007FF6A9734222+2873042]
	GetHandleVerifier [0x00007FF6A9786590+3209792]
	GetHandleVerifier [0x00007FF6A977F3AF+3180639]
	GetHandleVerifier [0x00007FF6A9515F25+652245]
	(No symbol) [0x00007FF6A9408618]
	(No symbol) [0x00007FF6A94047C4]
	(No symbol) [0x00007FF6A94048BC]
	(No symbol) [0x00007FF6A93F4C33]
	BaseThreadInitThunk [0x00007FFF75B67614+20]
	RtlUserThreadStart [0x00007FFF76C026B1+33]
</msg>
<status status="FAIL" starttime="20230810 14:05:04.749" endtime="20230810 14:05:22.225"/>
</kw>
<kw name="Input Password" library="SeleniumLibrary">
<arg>id=clearPass</arg>
<arg>${password}</arg>
<doc>Types the given password into the text field identified by ``locator``.</doc>
<status status="NOT RUN" starttime="20230810 14:05:22.226" endtime="20230810 14:05:22.226"/>
</kw>
<kw name="Click Element" library="SeleniumLibrary">
<arg>id=login-button</arg>
<doc>Click the element identified by ``locator``.</doc>
<status status="NOT RUN" starttime="20230810 14:05:22.226" endtime="20230810 14:05:22.226"/>
</kw>
<kw name="Title Should Be" library="SeleniumLibrary">
<arg>${expected_title}</arg>
<doc>Verifies that the current page title equals ``title``.</doc>
<status status="NOT RUN" starttime="20230810 14:05:22.226" endtime="20230810 14:05:22.226"/>
</kw>
<status status="FAIL" starttime="20230810 14:05:04.749" endtime="20230810 14:05:22.226"/>
</kw>
<kw name="Close Browser" library="SeleniumLibrary" type="TEARDOWN">
<doc>Closes the current browser.</doc>
<status status="PASS" starttime="20230810 14:05:22.227" endtime="20230810 14:05:24.328"/>
</kw>
<tag>smoke</tag>
<status status="FAIL" starttime="20230810 14:05:01.262" endtime="20230810 14:05:24.328">WebDriverException: Message: disconnected: unable to send message to renderer
  (failed to check if window was closed: disconnected: not connected to DevTools)
  (Session info: chrome=115.0.5790.171)
Stacktrace:
Backtrace:
	GetHandleVerifier [0x00007FF6A9484A62+57106]
	(No symbol) [0x00007FF6A93FCF52]
	(No symbol) [0x00007FF6A92CE2CB]
	(No symbol) [0x00007FF6A92BA5F4]
	(No symbol) [0x00007FF6A92BAEAE]
	(No symbol) [0x00007FF6A92D0967]
	(No symbol) [0x00007FF6A92D1198]
	(No symbol) [0x00007FF6A92D3C5F]
	(No symbol) [0x00007FF6A92D3D50]
	(No symbol) [0x00007FF6A93074E1]
	(No symbol) [0x00007FF6A930795C]
	(No symbol) [0x00007FF6A93404A7]
	(No symbol) [0x00007FF6A93269FF]
	(No symbol) [0x00007FF6A933E522]
	(No symbol) [0x00007FF6A9326793]
	(No symbol) [0x00007FF6A92FCE81]
	(No symbol) [0x00007FF6A92FE064]
	GetHandleVerifier [0x00007FF6A9734222+2873042]
	GetHandleVerifier [0x00007FF6A9786590+3209792]
	GetHandleVerifier [0x00007FF6A977F3AF+3180639]
	GetHandleVerifier [0x00007FF6A9515F25+652245]
	(No symbol) [0x00007FF6A9408618]
	(No symbol) [0x00007FF6A94047C4]
	(No symbol) [0x00007FF6A94048BC]
	(No symbol) [0x00007FF6A93F4C33]
	BaseThreadInitThunk [0x00007FFF75B67614+20]
	RtlUserThreadStart [0x00007FFF76C026B1+33]
</status>
</test>
<doc>Explanation for test template concept in robot framework
which is data driven activity</doc>
<status status="FAIL" starttime="20230810 14:05:01.252" endtime="20230810 14:05:24.331"/>
</suite>
<status status="FAIL" starttime="20230810 14:04:56.585" endtime="20230810 14:05:24.333"/>
</suite>
<statistics>
<total>
<stat pass="2" fail="1" skip="0">All Tests</stat>
</total>
<tag>
<stat pass="2" fail="1" skip="0">smoke</stat>
</tag>
<suite>
<stat pass="2" fail="1" skip="0" id="s1" name="Demo1 Suite &amp; Demo1 Fb Suite &amp; Demo4 Valid Login Suite2">Demo1 Suite &amp; Demo1 Fb Suite &amp; Demo4 Valid Login Suite2</stat>
<stat pass="1" fail="0" skip="0" id="s1-s1" name="Demo1 Suite">Demo1 Suite &amp; Demo1 Fb Suite &amp; Demo4 Valid Login Suite2.Demo1 Suite</stat>
<stat pass="1" fail="0" skip="0" id="s1-s2" name="Demo1 Fb Suite">Demo1 Suite &amp; Demo1 Fb Suite &amp; Demo4 Valid Login Suite2.Demo1 Fb Suite</stat>
<stat pass="0" fail="1" skip="0" id="s1-s3" name="Demo4 Valid Login Suite2">Demo1 Suite &amp; Demo1 Fb Suite &amp; Demo4 Valid Login Suite2.Demo4 Valid Login Suite2</stat>
</suite>
</statistics>
<errors>
<msg timestamp="20230810 14:05:22.217" level="WARN">Keyword 'Capture Page Screenshot' could not be run on failure: Message: disconnected: not connected to DevTools
  (failed to check if window was closed: disconnected: not connected to DevTools)
  (Session info: chrome=115.0.5790.171)
Stacktrace:
Backtrace:
	GetHandleVerifier [0x00007FF6A9484A62+57106]
	(No symbol) [0x00007FF6A93FCF52]
	(No symbol) [0x00007FF6A92CE2CB]
	(No symbol) [0x00007FF6A92BB5D7]
	(No symbol) [0x00007FF6A92BB250]
	(No symbol) [0x00007FF6A92CF9A1]
	(No symbol) [0x00007FF6A933DC1F]
	(No symbol) [0x00007FF6A9326793]
	(No symbol) [0x00007FF6A92FCE81]
	(No symbol) [0x00007FF6A92FE064]
	GetHandleVerifier [0x00007FF6A9734222+2873042]
	GetHandleVerifier [0x00007FF6A9786590+3209792]
	GetHandleVerifier [0x00007FF6A977F3AF+3180639]
	GetHandleVerifier [0x00007FF6A9515F25+652245]
	(No symbol) [0x00007FF6A9408618]
	(No symbol) [0x00007FF6A94047C4]
	(No symbol) [0x00007FF6A94048BC]
	(No symbol) [0x00007FF6A93F4C33]
	BaseThreadInitThunk [0x00007FFF75B67614+20]
	RtlUserThreadStart [0x00007FFF76C026B1+33]
</msg>
</errors>
</robot>
